#
# There is insufficient memory for the Java Runtime Environment to continue.
# Native memory allocation (malloc) failed to allocate 58176 bytes for Chunk::new
# Possible reasons:
#   The system is out of physical RAM or swap space
#   The process is running with CompressedOops enabled, and the Java Heap may be blocking the growth of the native heap
# Possible solutions:
#   Reduce memory load on the system
#   Increase physical memory or swap space
#   Check if swap backing store is full
#   Decrease Java heap size (-Xmx/-Xms)
#   Decrease number of Java threads
#   Decrease Java thread stack sizes (-Xss)
#   Set larger code cache with -XX:ReservedCodeCacheSize=
#   JVM is running with Unscaled Compressed Oops mode in which the Java heap is
#     placed in the first 4GB address space. The Java Heap base address is the
#     maximum limit for the native heap growth. Please use -XX:HeapBaseMinAddress
#     to set the Java Heap base and to place the Java Heap above 4GB virtual address.
# This output file may be truncated or incomplete.
#
#  Out of Memory Error (t:/workspace/open/src/hotspot/share/memory/arena.cpp:196), pid=11128, tid=10516
#
# JRE version: Java(TM) SE Runtime Environment (13.0.2+8) (build 13.0.2+8)
# Java VM: Java HotSpot(TM) 64-Bit Server VM (13.0.2+8, mixed mode, sharing, tiered, compressed oops, g1 gc, windows-amd64)
# No core dump will be written. Minidumps are not enabled by default on client versions of Windows
#

---------------  S U M M A R Y ------------

Command Line: -Dclassworlds.conf=C:\Program Files\NetBeans-11.3\netbeans\java\maven\bin\m2.conf -Dmaven.home=C:\Program Files\NetBeans-11.3\netbeans\java\maven -Dmaven.multiModuleProjectDirectory=C:\Users\DELL\git\Parascol\parascolaire org.codehaus.plexus.classworlds.launcher.Launcher -Dexec.args=-classpath %classpath com.zsmart.parascolaire.ParascolaireApplication -Dexec.executable=C:\Program Files\Java\jdk-13.0.2\bin\java.exe -Dexec.classpathScope=runtime -Dmaven.ext.class.path=C:\Program Files\NetBeans-11.3\netbeans\java\maven-nblib\netbeans-eventspy.jar -Dfile.encoding=UTF-8 org.codehaus.mojo:exec-maven-plugin:1.5.0:exec

Host: Intel(R) Core(TM) i5 CPU       M 560  @ 2.67GHz, 4 cores, 3G,  Windows 10 , 64 bit Build 14393 (10.0.14393.2189)
Time: Thu Jun  4 10:21:21 2020 Paris, Madrid (heure d?été) elapsed time: 0 seconds (0d 0h 0m 0s)

---------------  T H R E A D  ---------------

Current thread (0x0000028326e50800):  JavaThread "C2 CompilerThread0" daemon [_thread_in_native, id=10516, stack(0x000000d468000000,0x000000d468100000)]


Current CompileTask:
C2:    490  586       4       java.lang.StringLatin1::replace (198 bytes)

Stack: [0x000000d468000000,0x000000d468100000]
Native frames: (J=compiled Java code, j=interpreted, Vv=VM code, C=native code)
V  [jvm.dll+0x624f9a]
V  [jvm.dll+0x770cfa]
V  [jvm.dll+0x7724af]
V  [jvm.dll+0x772ab3]
V  [jvm.dll+0x24bf08]
V  [jvm.dll+0xc1e47]
V  [jvm.dll+0xc23cc]
V  [jvm.dll+0x2bdbf4]
V  [jvm.dll+0x5441fd]
V  [jvm.dll+0x20de66]
V  [jvm.dll+0x207318]
V  [jvm.dll+0x204d1d]
V  [jvm.dll+0x189c2c]
V  [jvm.dll+0x213e6d]
V  [jvm.dll+0x2120bb]
V  [jvm.dll+0x736bb6]
V  [jvm.dll+0x72fcaa]
V  [jvm.dll+0x623ea6]
C  [ucrtbase.dll+0x1cd70]
C  [KERNEL32.DLL+0x8364]
C  [ntdll.dll+0x67091]


---------------  P R O C E S S  ---------------

Threads class SMR info:
_java_thread_list=0x0000028327893060, length=10, elements={
0x000002830ae97800, 0x0000028326e2b800, 0x0000028326e2f000, 0x0000028326e4c800,
0x0000028326e4f800, 0x0000028326e50800, 0x0000028326e5d000, 0x0000028326e63000,
0x00000283278af000, 0x00000283278ac800
}

Java Threads: ( => current thread )
  0x000002830ae97800 JavaThread "main" [_thread_in_Java, id=10900, stack(0x000000d467500000,0x000000d467600000)]
  0x0000028326e2b800 JavaThread "Reference Handler" daemon [_thread_blocked, id=10060, stack(0x000000d467c00000,0x000000d467d00000)]
  0x0000028326e2f000 JavaThread "Finalizer" daemon [_thread_blocked, id=3748, stack(0x000000d467d00000,0x000000d467e00000)]
  0x0000028326e4c800 JavaThread "Signal Dispatcher" daemon [_thread_blocked, id=2296, stack(0x000000d467e00000,0x000000d467f00000)]
  0x0000028326e4f800 JavaThread "Attach Listener" daemon [_thread_blocked, id=10068, stack(0x000000d467f00000,0x000000d468000000)]
=>0x0000028326e50800 JavaThread "C2 CompilerThread0" daemon [_thread_in_native, id=10516, stack(0x000000d468000000,0x000000d468100000)]
  0x0000028326e5d000 JavaThread "C1 CompilerThread0" daemon [_thread_blocked, id=10792, stack(0x000000d468100000,0x000000d468200000)]
  0x0000028326e63000 JavaThread "Sweeper thread" daemon [_thread_blocked, id=2552, stack(0x000000d468200000,0x000000d468300000)]
  0x00000283278af000 JavaThread "Service Thread" daemon [_thread_blocked, id=10848, stack(0x000000d468300000,0x000000d468400000)]
  0x00000283278ac800 JavaThread "Common-Cleaner" daemon [_thread_blocked, id=10800, stack(0x000000d468500000,0x000000d468600000)]

Other Threads:
  0x0000028326e28000 VMThread "VM Thread" [stack: 0x000000d467b00000,0x000000d467c00000] [id=4928]
  0x00000283278ba000 WatcherThread [stack: 0x000000d468400000,0x000000d468500000] [id=2776]
  0x000002830aec9800 GCTaskThread "GC Thread#0" [stack: 0x000000d467600000,0x000000d467700000] [id=9212]
  0x000002830aed4000 ConcurrentGCThread "G1 Main Marker" [stack: 0x000000d467700000,0x000000d467800000] [id=10824]
  0x000002830aed6000 ConcurrentGCThread "G1 Conc#0" [stack: 0x000000d467800000,0x000000d467900000] [id=10224]
  0x000002830af54000 ConcurrentGCThread "G1 Refine#0" [stack: 0x000000d467900000,0x000000d467a00000] [id=2504]
  0x000002830af56800 ConcurrentGCThread "G1 Young RemSet Sampling" [stack: 0x000000d467a00000,0x000000d467b00000] [id=11072]

Threads with active compile tasks:
C2 CompilerThread0      557  586       4       java.lang.StringLatin1::replace (198 bytes)

VM state:not at safepoint (normal execution)

VM Mutex/Monitor currently owned by a thread: None

Heap address: 0x00000000c2200000, size: 990 MB, Compressed Oops mode: 32-bit
Narrow klass base: 0x0000000800000000, Narrow klass shift: 3
Compressed class space size: 1073741824 Address: 0x0000000800b40000

Heap:
 garbage-first heap   total 63488K, used 9216K [0x00000000c2200000, 0x0000000100000000)
  region size 1024K, 10 young (10240K), 0 survivors (0K)
 Metaspace       used 2525K, capacity 5927K, committed 6016K, reserved 1056768K
  class space    used 270K, capacity 615K, committed 640K, reserved 1048576K
Heap Regions: E=young(eden), S=young(survivor), O=old, HS=humongous(starts), HC=humongous(continues), CS=collection set, F=free, A=archive, TAMS=top-at-mark-start (previous, next)
|   0|0x00000000c2200000, 0x00000000c2200000, 0x00000000c2300000|  0%| F|  |TAMS 0x00000000c2200000, 0x00000000c2200000| Untracked 
|   1|0x00000000c2300000, 0x00000000c2300000, 0x00000000c2400000|  0%| F|  |TAMS 0x00000000c2300000, 0x00000000c2300000| Untracked 
|   2|0x00000000c2400000, 0x00000000c2400000, 0x00000000c2500000|  0%| F|  |TAMS 0x00000000c2400000, 0x00000000c2400000| Untracked 
|   3|0x00000000c2500000, 0x00000000c2500000, 0x00000000c2600000|  0%| F|  |TAMS 0x00000000c2500000, 0x00000000c2500000| Untracked 
|   4|0x00000000c2600000, 0x00000000c2600000, 0x00000000c2700000|  0%| F|  |TAMS 0x00000000c2600000, 0x00000000c2600000| Untracked 
|   5|0x00000000c2700000, 0x00000000c2700000, 0x00000000c2800000|  0%| F|  |TAMS 0x00000000c2700000, 0x00000000c2700000| Untracked 
|   6|0x00000000c2800000, 0x00000000c2800000, 0x00000000c2900000|  0%| F|  |TAMS 0x00000000c2800000, 0x00000000c2800000| Untracked 
|   7|0x00000000c2900000, 0x00000000c2900000, 0x00000000c2a00000|  0%| F|  |TAMS 0x00000000c2900000, 0x00000000c2900000| Untracked 
|   8|0x00000000c2a00000, 0x00000000c2a00000, 0x00000000c2b00000|  0%| F|  |TAMS 0x00000000c2a00000, 0x00000000c2a00000| Untracked 
|   9|0x00000000c2b00000, 0x00000000c2b00000, 0x00000000c2c00000|  0%| F|  |TAMS 0x00000000c2b00000, 0x00000000c2b00000| Untracked 
|  10|0x00000000c2c00000, 0x00000000c2c00000, 0x00000000c2d00000|  0%| F|  |TAMS 0x00000000c2c00000, 0x00000000c2c00000| Untracked 
|  11|0x00000000c2d00000, 0x00000000c2d00000, 0x00000000c2e00000|  0%| F|  |TAMS 0x00000000c2d00000, 0x00000000c2d00000| Untracked 
|  12|0x00000000c2e00000, 0x00000000c2e00000, 0x00000000c2f00000|  0%| F|  |TAMS 0x00000000c2e00000, 0x00000000c2e00000| Untracked 
|  13|0x00000000c2f00000, 0x00000000c2f00000, 0x00000000c3000000|  0%| F|  |TAMS 0x00000000c2f00000, 0x00000000c2f00000| Untracked 
|  14|0x00000000c3000000, 0x00000000c3000000, 0x00000000c3100000|  0%| F|  |TAMS 0x00000000c3000000, 0x00000000c3000000| Untracked 
|  15|0x00000000c3100000, 0x00000000c3100000, 0x00000000c3200000|  0%| F|  |TAMS 0x00000000c3100000, 0x00000000c3100000| Untracked 
|  16|0x00000000c3200000, 0x00000000c3200000, 0x00000000c3300000|  0%| F|  |TAMS 0x00000000c3200000, 0x00000000c3200000| Untracked 
|  17|0x00000000c3300000, 0x00000000c3300000, 0x00000000c3400000|  0%| F|  |TAMS 0x00000000c3300000, 0x00000000c3300000| Untracked 
|  18|0x00000000c3400000, 0x00000000c3400000, 0x00000000c3500000|  0%| F|  |TAMS 0x00000000c3400000, 0x00000000c3400000| Untracked 
|  19|0x00000000c3500000, 0x00000000c3500000, 0x00000000c3600000|  0%| F|  |TAMS 0x00000000c3500000, 0x00000000c3500000| Untracked 
|  20|0x00000000c3600000, 0x00000000c3600000, 0x00000000c3700000|  0%| F|  |TAMS 0x00000000c3600000, 0x00000000c3600000| Untracked 
|  21|0x00000000c3700000, 0x00000000c3700000, 0x00000000c3800000|  0%| F|  |TAMS 0x00000000c3700000, 0x00000000c3700000| Untracked 
|  22|0x00000000c3800000, 0x00000000c3800000, 0x00000000c3900000|  0%| F|  |TAMS 0x00000000c3800000, 0x00000000c3800000| Untracked 
|  23|0x00000000c3900000, 0x00000000c3900000, 0x00000000c3a00000|  0%| F|  |TAMS 0x00000000c3900000, 0x00000000c3900000| Untracked 
|  24|0x00000000c3a00000, 0x00000000c3a00000, 0x00000000c3b00000|  0%| F|  |TAMS 0x00000000c3a00000, 0x00000000c3a00000| Untracked 
|  25|0x00000000c3b00000, 0x00000000c3b00000, 0x00000000c3c00000|  0%| F|  |TAMS 0x00000000c3b00000, 0x00000000c3b00000| Untracked 
|  26|0x00000000c3c00000, 0x00000000c3c00000, 0x00000000c3d00000|  0%| F|  |TAMS 0x00000000c3c00000, 0x00000000c3c00000| Untracked 
|  27|0x00000000c3d00000, 0x00000000c3d00000, 0x00000000c3e00000|  0%| F|  |TAMS 0x00000000c3d00000, 0x00000000c3d00000| Untracked 
|  28|0x00000000c3e00000, 0x00000000c3e00000, 0x00000000c3f00000|  0%| F|  |TAMS 0x00000000c3e00000, 0x00000000c3e00000| Untracked 
|  29|0x00000000c3f00000, 0x00000000c3f00000, 0x00000000c4000000|  0%| F|  |TAMS 0x00000000c3f00000, 0x00000000c3f00000| Untracked 
|  30|0x00000000c4000000, 0x00000000c4000000, 0x00000000c4100000|  0%| F|  |TAMS 0x00000000c4000000, 0x00000000c4000000| Untracked 
|  31|0x00000000c4100000, 0x00000000c4100000, 0x00000000c4200000|  0%| F|  |TAMS 0x00000000c4100000, 0x00000000c4100000| Untracked 
|  32|0x00000000c4200000, 0x00000000c4200000, 0x00000000c4300000|  0%| F|  |TAMS 0x00000000c4200000, 0x00000000c4200000| Untracked 
|  33|0x00000000c4300000, 0x00000000c4300000, 0x00000000c4400000|  0%| F|  |TAMS 0x00000000c4300000, 0x00000000c4300000| Untracked 
|  34|0x00000000c4400000, 0x00000000c4400000, 0x00000000c4500000|  0%| F|  |TAMS 0x00000000c4400000, 0x00000000c4400000| Untracked 
|  35|0x00000000c4500000, 0x00000000c4500000, 0x00000000c4600000|  0%| F|  |TAMS 0x00000000c4500000, 0x00000000c4500000| Untracked 
|  36|0x00000000c4600000, 0x00000000c4600000, 0x00000000c4700000|  0%| F|  |TAMS 0x00000000c4600000, 0x00000000c4600000| Untracked 
|  37|0x00000000c4700000, 0x00000000c4700000, 0x00000000c4800000|  0%| F|  |TAMS 0x00000000c4700000, 0x00000000c4700000| Untracked 
|  38|0x00000000c4800000, 0x00000000c4800000, 0x00000000c4900000|  0%| F|  |TAMS 0x00000000c4800000, 0x00000000c4800000| Untracked 
|  39|0x00000000c4900000, 0x00000000c4900000, 0x00000000c4a00000|  0%| F|  |TAMS 0x00000000c4900000, 0x00000000c4900000| Untracked 
|  40|0x00000000c4a00000, 0x00000000c4a00000, 0x00000000c4b00000|  0%| F|  |TAMS 0x00000000c4a00000, 0x00000000c4a00000| Untracked 
|  41|0x00000000c4b00000, 0x00000000c4b00000, 0x00000000c4c00000|  0%| F|  |TAMS 0x00000000c4b00000, 0x00000000c4b00000| Untracked 
|  42|0x00000000c4c00000, 0x00000000c4c00000, 0x00000000c4d00000|  0%| F|  |TAMS 0x00000000c4c00000, 0x00000000c4c00000| Untracked 
|  43|0x00000000c4d00000, 0x00000000c4d00000, 0x00000000c4e00000|  0%| F|  |TAMS 0x00000000c4d00000, 0x00000000c4d00000| Untracked 
|  44|0x00000000c4e00000, 0x00000000c4e00000, 0x00000000c4f00000|  0%| F|  |TAMS 0x00000000c4e00000, 0x00000000c4e00000| Untracked 
|  45|0x00000000c4f00000, 0x00000000c4f00000, 0x00000000c5000000|  0%| F|  |TAMS 0x00000000c4f00000, 0x00000000c4f00000| Untracked 
|  46|0x00000000c5000000, 0x00000000c5000000, 0x00000000c5100000|  0%| F|  |TAMS 0x00000000c5000000, 0x00000000c5000000| Untracked 
|  47|0x00000000c5100000, 0x00000000c5100000, 0x00000000c5200000|  0%| F|  |TAMS 0x00000000c5100000, 0x00000000c5100000| Untracked 
|  48|0x00000000c5200000, 0x00000000c5200000, 0x00000000c5300000|  0%| F|  |TAMS 0x00000000c5200000, 0x00000000c5200000| Untracked 
|  49|0x00000000c5300000, 0x00000000c5300000, 0x00000000c5400000|  0%| F|  |TAMS 0x00000000c5300000, 0x00000000c5300000| Untracked 
|  50|0x00000000c5400000, 0x00000000c5400000, 0x00000000c5500000|  0%| F|  |TAMS 0x00000000c5400000, 0x00000000c5400000| Untracked 
|  51|0x00000000c5500000, 0x00000000c5500000, 0x00000000c5600000|  0%| F|  |TAMS 0x00000000c5500000, 0x00000000c5500000| Untracked 
|  52|0x00000000c5600000, 0x00000000c5690ba8, 0x00000000c5700000| 56%| E|  |TAMS 0x00000000c5600000, 0x00000000c5600000| Complete 
|  53|0x00000000c5700000, 0x00000000c5800000, 0x00000000c5800000|100%| E|CS|TAMS 0x00000000c5700000, 0x00000000c5700000| Complete 
|  54|0x00000000c5800000, 0x00000000c5900000, 0x00000000c5900000|100%| E|CS|TAMS 0x00000000c5800000, 0x00000000c5800000| Complete 
|  55|0x00000000c5900000, 0x00000000c5a00000, 0x00000000c5a00000|100%| E|CS|TAMS 0x00000000c5900000, 0x00000000c5900000| Complete 
|  56|0x00000000c5a00000, 0x00000000c5b00000, 0x00000000c5b00000|100%| E|CS|TAMS 0x00000000c5a00000, 0x00000000c5a00000| Complete 
|  57|0x00000000c5b00000, 0x00000000c5c00000, 0x00000000c5c00000|100%| E|CS|TAMS 0x00000000c5b00000, 0x00000000c5b00000| Complete 
|  58|0x00000000c5c00000, 0x00000000c5d00000, 0x00000000c5d00000|100%| E|CS|TAMS 0x00000000c5c00000, 0x00000000c5c00000| Complete 
|  59|0x00000000c5d00000, 0x00000000c5e00000, 0x00000000c5e00000|100%| E|CS|TAMS 0x00000000c5d00000, 0x00000000c5d00000| Complete 
|  60|0x00000000c5e00000, 0x00000000c5f00000, 0x00000000c5f00000|100%| E|CS|TAMS 0x00000000c5e00000, 0x00000000c5e00000| Complete 
|  61|0x00000000c5f00000, 0x00000000c6000000, 0x00000000c6000000|100%| E|CS|TAMS 0x00000000c5f00000, 0x00000000c5f00000| Complete 

Card table byte_map: [0x0000028322590000,0x0000028322780000] _byte_map_base: 0x0000028321f7f000

Marking Bits (Prev, Next): (CMBitMap*) 0x000002830aeca798, (CMBitMap*) 0x000002830aeca7d8
 Prev Bits: [0x0000028322970000, 0x00000283238e8000)
 Next Bits: [0x00000283238f0000, 0x0000028324868000)

Polling page: 0x0000028308d80000

Metaspace:

Usage:
  Non-class:      5.19 MB capacity,     2.22 MB ( 43%) used,     2.97 MB ( 57%) free+waste,     3.88 KB ( <1%) overhead. 
      Class:    615.00 KB capacity,   274.20 KB ( 45%) used,   338.48 KB ( 55%) free+waste,     2.31 KB ( <1%) overhead. 
       Both:      5.79 MB capacity,     2.48 MB ( 43%) used,     3.30 MB ( 57%) free+waste,     6.19 KB ( <1%) overhead. 

Virtual space:
  Non-class space:        8.00 MB reserved,       5.25 MB ( 66%) committed 
      Class space:        1.00 GB reserved,     640.00 KB ( <1%) committed 
             Both:        1.01 GB reserved,       5.88 MB ( <1%) committed 

Chunk freelists:
   Non-Class:  0 bytes
       Class:  25.00 KB
        Both:  25.00 KB

MaxMetaspaceSize: 17179869184.00 GB
CompressedClassSpaceSize: 1.00 GB

CodeHeap 'non-profiled nmethods': size=120000Kb used=166Kb max_used=166Kb free=119833Kb
 bounds [0x000002831ae70000, 0x000002831b0e0000, 0x00000283223a0000]
CodeHeap 'profiled nmethods': size=120000Kb used=1243Kb max_used=1243Kb free=118756Kb
 bounds [0x0000028313940000, 0x0000028313bb0000, 0x000002831ae70000]
CodeHeap 'non-nmethods': size=5760Kb used=1143Kb max_used=1143Kb free=4616Kb
 bounds [0x00000283133a0000, 0x0000028313610000, 0x0000028313940000]
 total_blobs=1439 nmethods=642 adapters=298
 compilation: enabled
              stopped_count=0, restarted_count=0
 full_count=0

Compilation events (20 events):
Event: 0.462 Thread 0x0000028326e5d000 nmethod 576 0x0000028313a37d90 code [0x0000028313a37f40, 0x0000028313a381b8]
Event: 0.463 Thread 0x0000028326e5d000  577       3       java.lang.ReflectiveOperationException::<init> (7 bytes)
Event: 0.463 Thread 0x0000028326e5d000 nmethod 577 0x0000028313a38290 code [0x0000028313a38440, 0x0000028313a38650]
Event: 0.463 Thread 0x0000028326e5d000  578       3       java.lang.Exception::<init> (7 bytes)
Event: 0.463 Thread 0x0000028326e5d000 nmethod 578 0x0000028313a38710 code [0x0000028313a388c0, 0x0000028313a38a70]
Event: 0.463 Thread 0x0000028326e5d000  579       3       java.lang.Throwable::<init> (39 bytes)
Event: 0.464 Thread 0x0000028326e5d000 nmethod 579 0x0000028313a38b10 code [0x0000028313a38d00, 0x0000028313a394d0]
Event: 0.464 Thread 0x0000028326e5d000  580       3       java.lang.String::substring (68 bytes)
Event: 0.465 Thread 0x0000028326e5d000 nmethod 580 0x0000028313a39610 code [0x0000028313a39840, 0x0000028313a3a0e0]
Event: 0.465 Thread 0x0000028326e5d000  581   !   3       java.security.AccessController::doPrivileged (26 bytes)
Event: 0.465 Thread 0x0000028326e5d000 nmethod 581 0x0000028313a3a390 code [0x0000028313a3a5a0, 0x0000028313a3aaf0]
Event: 0.466 Thread 0x0000028326e5d000  582       3       java.util.LinkedHashMap::get (33 bytes)
Event: 0.466 Thread 0x0000028326e5d000 nmethod 582 0x0000028313a3ad90 code [0x0000028313a3af80, 0x0000028313a3b3d0]
Event: 0.468 Thread 0x0000028326e5d000  583   !   3       jdk.internal.ref.PhantomCleanable::insert (53 bytes)
Event: 0.468 Thread 0x0000028326e5d000 nmethod 583 0x0000028313a3b590 code [0x0000028313a3b740, 0x0000028313a3bc18]
Event: 0.469 Thread 0x0000028326e5d000  584       3       jdk.internal.ref.CleanerFactory::cleaner (4 bytes)
Event: 0.469 Thread 0x0000028326e5d000 nmethod 584 0x0000028313a3bd90 code [0x0000028313a3bf20, 0x0000028313a3c078]
Event: 0.469 Thread 0x0000028326e5d000  585       3       java.util.zip.ZipUtils::LOCSIG (6 bytes)
Event: 0.469 Thread 0x0000028326e5d000 nmethod 585 0x0000028313a3c110 code [0x0000028313a3c2e0, 0x0000028313a3c5f8]
Event: 0.474 Thread 0x0000028326e50800  586       4       java.lang.StringLatin1::replace (198 bytes)

GC Heap History (0 events):
No events

Deoptimization events (20 events):
Event: 0.189 Thread 0x000002830ae97800 Uncommon trap: trap_request=0xffffff45 fr.pc=0x000002831ae7e410 relative=0x0000000000000070
Event: 0.189 Thread 0x000002830ae97800 Uncommon trap: reason=unstable_if action=reinterpret pc=0x000002831ae7e410 method=java.io.WinNTFileSystem.isSlash(C)Z @ 9 c2
Event: 0.189 Thread 0x000002830ae97800 DEOPT PACKING pc=0x000002831ae7e410 sp=0x000000d4675fd560
Event: 0.189 Thread 0x000002830ae97800 DEOPT UNPACKING pc=0x00000283133e9429 sp=0x000000d4675fd4e8 mode 2
Event: 0.224 Thread 0x000002830ae97800 Uncommon trap: trap_request=0xffffff45 fr.pc=0x000002831ae749d4 relative=0x00000000000001b4
Event: 0.224 Thread 0x000002830ae97800 Uncommon trap: reason=unstable_if action=reinterpret pc=0x000002831ae749d4 method=java.lang.String.hashCode()I @ 13 c2
Event: 0.224 Thread 0x000002830ae97800 DEOPT PACKING pc=0x000002831ae749d4 sp=0x000000d4675fde40
Event: 0.224 Thread 0x000002830ae97800 DEOPT UNPACKING pc=0x00000283133e9429 sp=0x000000d4675fddd8 mode 2
Event: 0.225 Thread 0x000002830ae97800 DEOPT PACKING pc=0x00000283139967b2 sp=0x000000d4675fdab0
Event: 0.225 Thread 0x000002830ae97800 DEOPT UNPACKING pc=0x00000283133e993f sp=0x000000d4675fcf18 mode 0
Event: 0.228 Thread 0x000002830ae97800 DEOPT PACKING pc=0x000002831397b250 sp=0x000000d4675f7b30
Event: 0.228 Thread 0x000002830ae97800 DEOPT UNPACKING pc=0x00000283133e993f sp=0x000000d4675f6fb8 mode 0
Event: 0.302 Thread 0x000002830ae97800 Uncommon trap: trap_request=0xffffff45 fr.pc=0x000002831ae7b664 relative=0x0000000000000044
Event: 0.302 Thread 0x000002830ae97800 Uncommon trap: reason=unstable_if action=reinterpret pc=0x000002831ae7b664 method=java.lang.CharacterData.of(I)Ljava/lang/CharacterData; @ 4 c2
Event: 0.302 Thread 0x000002830ae97800 DEOPT PACKING pc=0x000002831ae7b664 sp=0x000000d4675fd9a0
Event: 0.302 Thread 0x000002830ae97800 DEOPT UNPACKING pc=0x00000283133e9429 sp=0x000000d4675fd940 mode 2
Event: 0.404 Thread 0x000002830ae97800 Uncommon trap: trap_request=0xffffff45 fr.pc=0x000002831ae96758 relative=0x00000000000000b8
Event: 0.404 Thread 0x000002830ae97800 Uncommon trap: reason=unstable_if action=reinterpret pc=0x000002831ae96758 method=org.codehaus.plexus.util.xml.pull.MXParser.more()C @ 8 c2
Event: 0.404 Thread 0x000002830ae97800 DEOPT PACKING pc=0x000002831ae96758 sp=0x000000d4675fdfa0
Event: 0.404 Thread 0x000002830ae97800 DEOPT UNPACKING pc=0x00000283133e9429 sp=0x000000d4675fdf30 mode 2

Classes unloaded (0 events):
No events

Classes redefined (0 events):
No events

Internal exceptions (1 events):
Event: 0.365 Thread 0x000002830ae97800 Exception <a 'java/lang/NoSuchMethodError'{0x00000000c5ad4b58}: 'int java.lang.invoke.DirectMethodHandle$Holder.invokeSpecialIFC(java.lang.Object, java.lang.Object, int)'> (0x00000000c5ad4b58) 
thrown [t:/workspace/open/src/hotspot/share/interpreter/linkResolver.cpp, line 767]

Events (20 events):
Event: 0.471 loading class org/eclipse/sisu/inject/DeferredProvider
Event: 0.471 loading class org/eclipse/sisu/inject/DeferredProvider done
Event: 0.471 loading class com/google/inject/Provider
Event: 0.471 loading class com/google/inject/Provider done
Event: 0.472 loading class org/eclipse/sisu/inject/DeferredClass
Event: 0.472 loading class org/eclipse/sisu/inject/DeferredClass done
Event: 0.472 loading class org/eclipse/sisu/inject/DefaultBeanLocator
Event: 0.472 loading class org/eclipse/sisu/inject/DefaultBeanLocator done
Event: 0.473 loading class org/eclipse/sisu/inject/BindingSubscriber
Event: 0.473 loading class org/eclipse/sisu/inject/BindingSubscriber done
Event: 0.473 loading class org/eclipse/sisu/inject/RankingFunction
Event: 0.473 loading class org/eclipse/sisu/inject/RankingFunction done
Event: 0.474 loading class org/eclipse/sisu/inject/BindingPublisher
Event: 0.474 loading class org/eclipse/sisu/inject/BindingPublisher done
Event: 0.474 loading class org/eclipse/sisu/inject/RankedSequence
Event: 0.474 loading class org/eclipse/sisu/inject/RankedSequence done
Event: 0.475 loading class java/util/concurrent/atomic/AtomicReference
Event: 0.475 loading class java/util/concurrent/atomic/AtomicReference done
Event: 0.478 loading class org/eclipse/sisu/inject/Weak
Event: 0.478 loading class org/eclipse/sisu/inject/Weak done


Dynamic libraries:
0x00007ff611ad0000 - 0x00007ff611adf000 	C:\Program Files\Java\jdk-13.0.2\bin\java.exe
0x00007ffa3da70000 - 0x00007ffa3dc42000 	C:\Windows\SYSTEM32\ntdll.dll
0x00007ffa3d290000 - 0x00007ffa3d33c000 	C:\Windows\System32\KERNEL32.DLL
0x00007ffa218d0000 - 0x00007ffa218e3000 	C:\Program Files\AVG\Antivirus\aswhook.dll
0x00007ffa3aab0000 - 0x00007ffa3accd000 	C:\Windows\System32\KERNELBASE.dll
0x00007ffa39f70000 - 0x00007ffa3a065000 	C:\Windows\System32\ucrtbase.dll
0x00007ffa33290000 - 0x00007ffa332a8000 	C:\Program Files\Java\jdk-13.0.2\bin\jli.dll
0x00007ffa3b000000 - 0x00007ffa3b0a2000 	C:\Windows\System32\ADVAPI32.dll
0x00007ffa3d860000 - 0x00007ffa3d8fe000 	C:\Windows\System32\msvcrt.dll
0x00007ffa3d7d0000 - 0x00007ffa3d829000 	C:\Windows\System32\sechost.dll
0x00007ffa3b5a0000 - 0x00007ffa3b6c1000 	C:\Windows\System32\RPCRT4.dll
0x00007ffa3d900000 - 0x00007ffa3da65000 	C:\Windows\System32\USER32.dll
0x00007ffa3a920000 - 0x00007ffa3a93e000 	C:\Windows\System32\win32u.dll
0x00007ffa3b560000 - 0x00007ffa3b594000 	C:\Windows\System32\GDI32.dll
0x00007ffa3ae20000 - 0x00007ffa3afa0000 	C:\Windows\System32\gdi32full.dll
0x00007ffa37e40000 - 0x00007ffa37e55000 	C:\Program Files\Java\jdk-13.0.2\bin\VCRUNTIME140.dll
0x00007ffa30b30000 - 0x00007ffa30daa000 	C:\Windows\WinSxS\amd64_microsoft.windows.common-controls_6595b64144ccf1df_6.0.14393.953_none_42151e83c686086b\COMCTL32.dll
0x00007ffa3b290000 - 0x00007ffa3b558000 	C:\Windows\System32\combase.dll
0x00007ffa3aa40000 - 0x00007ffa3aaaa000 	C:\Windows\System32\bcryptPrimitives.dll
0x00007ffa361f0000 - 0x00007ffa361fa000 	C:\Windows\SYSTEM32\VERSION.dll
0x00007ffa3bb70000 - 0x00007ffa3bb9e000 	C:\Windows\System32\IMM32.DLL
0x00007ffa138f0000 - 0x00007ffa1398b000 	C:\Program Files\Java\jdk-13.0.2\bin\msvcp140.dll
0x00007ffa0e8f0000 - 0x00007ffa0f44d000 	C:\Program Files\Java\jdk-13.0.2\bin\server\jvm.dll
0x00007ffa3d280000 - 0x00007ffa3d288000 	C:\Windows\System32\PSAPI.DLL
0x00007ffa2f330000 - 0x00007ffa2f339000 	C:\Windows\SYSTEM32\WSOCK32.dll
0x00007ffa3d210000 - 0x00007ffa3d27a000 	C:\Windows\System32\WS2_32.dll
0x00007ffa37ed0000 - 0x00007ffa37ef3000 	C:\Windows\SYSTEM32\WINMM.dll
0x00007ffa37ea0000 - 0x00007ffa37ecb000 	C:\Windows\SYSTEM32\WINMMBASE.dll
0x00007ffa3a940000 - 0x00007ffa3a982000 	C:\Windows\System32\cfgmgr32.dll
0x00007ffa39f60000 - 0x00007ffa39f6f000 	C:\Windows\System32\kernel.appcore.dll
0x00007ffa32ae0000 - 0x00007ffa32af0000 	C:\Program Files\Java\jdk-13.0.2\bin\verify.dll
0x00007ffa352e0000 - 0x00007ffa35472000 	C:\Windows\SYSTEM32\DBGHELP.DLL
0x00007ffa35230000 - 0x00007ffa35259000 	C:\Windows\SYSTEM32\dbgcore.DLL
0x00007ffa25bf0000 - 0x00007ffa25c16000 	C:\Program Files\Java\jdk-13.0.2\bin\java.dll
0x00007ffa23f90000 - 0x00007ffa23fa7000 	C:\Program Files\Java\jdk-13.0.2\bin\zip.dll
0x00007ffa32ad0000 - 0x00007ffa32ada000 	C:\Program Files\Java\jdk-13.0.2\bin\jimage.dll
0x00007ffa3bd00000 - 0x00007ffa3d209000 	C:\Windows\System32\SHELL32.dll
0x00007ffa3a070000 - 0x00007ffa3a749000 	C:\Windows\System32\windows.storage.dll
0x00007ffa39f10000 - 0x00007ffa39f5c000 	C:\Windows\System32\powrprof.dll
0x00007ffa3d340000 - 0x00007ffa3d392000 	C:\Windows\System32\shlwapi.dll
0x00007ffa3acd0000 - 0x00007ffa3ad79000 	C:\Windows\System32\shcore.dll
0x00007ffa39ee0000 - 0x00007ffa39ef4000 	C:\Windows\System32\profapi.dll
0x00007ffa16b70000 - 0x00007ffa16b89000 	C:\Program Files\Java\jdk-13.0.2\bin\net.dll
0x00007ffa30a30000 - 0x00007ffa30afd000 	C:\Windows\SYSTEM32\WINHTTP.dll
0x00007ffa39810000 - 0x00007ffa3986c000 	C:\Windows\system32\mswsock.dll
0x00007ffa16680000 - 0x00007ffa16693000 	C:\Program Files\Java\jdk-13.0.2\bin\nio.dll

dbghelp: loaded successfully - version: 4.0.5 - missing functions: none
symbol engine: initialized successfully - sym options: 0x614 - pdb path: .;C:\Program Files\Java\jdk-13.0.2\bin;C:\Windows\SYSTEM32;C:\Program Files\AVG\Antivirus;C:\Windows\WinSxS\amd64_microsoft.windows.common-controls_6595b64144ccf1df_6.0.14393.953_none_42151e83c686086b;C:\Program Files\Java\jdk-13.0.2\bin\server

VM Arguments:
jvm_args: -Dclassworlds.conf=C:\Program Files\NetBeans-11.3\netbeans\java\maven\bin\m2.conf -Dmaven.home=C:\Program Files\NetBeans-11.3\netbeans\java\maven -Dmaven.multiModuleProjectDirectory=C:\Users\DELL\git\Parascol\parascolaire 
java_command: org.codehaus.plexus.classworlds.launcher.Launcher -Dexec.args=-classpath %classpath com.zsmart.parascolaire.ParascolaireApplication -Dexec.executable=C:\Program Files\Java\jdk-13.0.2\bin\java.exe -Dexec.classpathScope=runtime -Dmaven.ext.class.path=C:\Program Files\NetBeans-11.3\netbeans\java\maven-nblib\netbeans-eventspy.jar -Dfile.encoding=UTF-8 org.codehaus.mojo:exec-maven-plugin:1.5.0:exec
java_class_path (initial): C:\Program Files\NetBeans-11.3\netbeans\java\maven\boot\plexus-classworlds-2.5.2.jar
Launcher Type: SUN_STANDARD

[Global flags]
     intx CICompilerCount                          = 3                                         {product} {ergonomic}
     uint ConcGCThreads                            = 1                                         {product} {ergonomic}
     uint G1ConcRefinementThreads                  = 4                                         {product} {ergonomic}
   size_t G1HeapRegionSize                         = 1048576                                   {product} {ergonomic}
    uintx GCDrainStackTargetSize                   = 64                                        {product} {ergonomic}
   size_t InitialHeapSize                          = 65011712                                  {product} {ergonomic}
   size_t MarkStackSize                            = 4194304                                   {product} {ergonomic}
   size_t MaxHeapSize                              = 1038090240                                {product} {ergonomic}
   size_t MaxNewSize                               = 622854144                                 {product} {ergonomic}
   size_t MinHeapDeltaBytes                        = 1048576                                   {product} {ergonomic}
   size_t MinHeapSize                              = 8388608                                   {product} {ergonomic}
    uintx NonNMethodCodeHeapSize                   = 5832780                                {pd product} {ergonomic}
    uintx NonProfiledCodeHeapSize                  = 122912730                              {pd product} {ergonomic}
    uintx ProfiledCodeHeapSize                     = 122912730                              {pd product} {ergonomic}
    uintx ReservedCodeCacheSize                    = 251658240                              {pd product} {ergonomic}
     bool SegmentedCodeCache                       = true                                      {product} {ergonomic}
   size_t SoftMaxHeapSize                          = 1038090240                             {manageable} {ergonomic}
     bool UseCompressedClassPointers               = true                                 {lp64_product} {ergonomic}
     bool UseCompressedOops                        = true                                 {lp64_product} {ergonomic}
     bool UseG1GC                                  = true                                      {product} {ergonomic}
     bool UseLargePagesIndividualAllocation        = false                                  {pd product} {ergonomic}

Logging:
Log output configuration:
 #0: stdout all=warning uptime,level,tags
 #1: stderr all=off uptime,level,tags

Environment Variables:
JAVA_HOME=C:\Program Files\Java\jdk-13.0.2
PATH=C:\Program Files (x86)\Common Files\Oracle\Java\javapath;C:\Windows\system32;C:\Windows;C:\Windows\System32\Wbem;C:\Windows\System32\WindowsPowerShell\v1.0\;D:\GIT\Git\cmd;D:\angular apps\node js\;C:\Users\DELL\AppData\Local\Microsoft\WindowsApps;D:\agaaaaaaaiin\WebStorm 2020.1.1\bin;;C:\Users\DELL\AppData\Roaming\npm;C:\Users\DELL\AppData\Roaming\npm\node_modules\@angular\cli\bin;D:\Visual\Microsoft VS Code\bin
USERNAME=DELL
OS=Windows_NT
PROCESSOR_IDENTIFIER=Intel64 Family 6 Model 37 Stepping 5, GenuineIntel



---------------  S Y S T E M  ---------------

OS: Windows 10 , 64 bit Build 14393 (10.0.14393.2189)

CPU:total 4 (initial active 4) (2 cores per cpu, 2 threads per core) family 6 model 37 stepping 5, cmov, cx8, fxsr, mmx, sse, sse2, sse3, ssse3, sse4.1, sse4.2, popcnt, aes, clmul, ht, tsc, tscinvbit

Memory: 4k page, system-wide physical 3957M (781M free)
TotalPageFile size 8565M (AvailPageFile size 4M)
current process WorkingSet (physical memory assigned to process): 48M, peak: 48M
current process commit charge ("private bytes"): 142M, peak: 142M

vm_info: Java HotSpot(TM) 64-Bit Server VM (13.0.2+8) for windows-amd64 JRE (13.0.2+8), built on Dec 11 2019 09:20:33 by "mach5one" with unknown MS VC++:1916

END.
