#
# There is insufficient memory for the Java Runtime Environment to continue.
# Native memory allocation (mmap) failed to map 65011712 bytes for Failed to commit area from 0x00000000c2200000 to 0x00000000c6000000 of length 65011712.
# Possible reasons:
#   The system is out of physical RAM or swap space
#   The process is running with CompressedOops enabled, and the Java Heap may be blocking the growth of the native heap
# Possible solutions:
#   Reduce memory load on the system
#   Increase physical memory or swap space
#   Check if swap backing store is full
#   Decrease Java heap size (-Xmx/-Xms)
#   Decrease number of Java threads
#   Decrease Java thread stack sizes (-Xss)
#   Set larger code cache with -XX:ReservedCodeCacheSize=
# This output file may be truncated or incomplete.
#
#  Out of Memory Error (t:/workspace/open/src/hotspot/os/windows/os_windows.cpp:3301), pid=2740, tid=10760
#
# JRE version:  (13.0.2+8) (build )
# Java VM: Java HotSpot(TM) 64-Bit Server VM (13.0.2+8, mixed mode, aot, sharing, tiered, compressed oops, g1 gc, windows-amd64)
# No core dump will be written. Minidumps are not enabled by default on client versions of Windows
#

---------------  S U M M A R Y ------------

Command Line: -Dclassworlds.conf=C:\Program Files\NetBeans-11.3\netbeans\java\maven\bin\m2.conf -Dmaven.home=C:\Program Files\NetBeans-11.3\netbeans\java\maven -Dmaven.multiModuleProjectDirectory=C:\Users\DELL\git\Parascol\parascolaire org.codehaus.plexus.classworlds.launcher.Launcher -Dexec.args=-classpath %classpath com.zsmart.parascolaire.ParascolaireApplication -Dexec.executable=C:\Program Files\Java\jdk-13.0.2\bin\java.exe -Dmaven.ext.class.path=C:\Program Files\NetBeans-11.3\netbeans\java\maven-nblib\netbeans-eventspy.jar -Dfile.encoding=UTF-8 org.codehaus.mojo:exec-maven-plugin:1.5.0:exec

Host: Intel(R) Core(TM) i5 CPU       M 560  @ 2.67GHz, 4 cores, 3G,  Windows 10 , 64 bit Build 14393 (10.0.14393.2189)
Time: Thu Jun  4 10:21:41 2020 Paris, Madrid (heure d?été) elapsed time: 0 seconds (0d 0h 0m 0s)

---------------  T H R E A D  ---------------

Current thread (0x00000293cf697800):  JavaThread "Unknown thread" [_thread_in_vm, id=10760, stack(0x000000e887100000,0x000000e887200000)]

Stack: [0x000000e887100000,0x000000e887200000]
Native frames: (J=compiled Java code, j=interpreted, Vv=VM code, C=native code)
V  [jvm.dll+0x624f9a]
V  [jvm.dll+0x770cfa]
V  [jvm.dll+0x7724af]
V  [jvm.dll+0x772ab3]
V  [jvm.dll+0x24bf08]
V  [jvm.dll+0x6222aa]
V  [jvm.dll+0x6170b5]
V  [jvm.dll+0x30a88c]
V  [jvm.dll+0x30a6c2]
V  [jvm.dll+0x30fe36]
V  [jvm.dll+0x353f46]
V  [jvm.dll+0x353720]
V  [jvm.dll+0x2e550a]
V  [jvm.dll+0x2e67a2]
V  [jvm.dll+0x74dd78]
V  [jvm.dll+0x361989]
V  [jvm.dll+0x730e65]
V  [jvm.dll+0x3cc53f]
V  [jvm.dll+0x3ce861]
C  [jli.dll+0x51ff]
C  [ucrtbase.dll+0x1cd70]
C  [KERNEL32.DLL+0x8364]
C  [ntdll.dll+0x67091]


---------------  P R O C E S S  ---------------

Threads class SMR info:
_java_thread_list=0x00007ffa0f3accb8, length=0, elements={
}

Java Threads: ( => current thread )

Other Threads:
  0x00000293cf6c9800 GCTaskThread "GC Thread#0" [stack: 0x000000e887200000,0x000000e887300000] [id=10488]
  0x00000293cf6d3000 ConcurrentGCThread "G1 Main Marker" [stack: 0x000000e887300000,0x000000e887400000] [id=2452]
  0x00000293cf6d6800 ConcurrentGCThread "G1 Conc#0" [stack: 0x000000e887400000,0x000000e887500000] [id=10540]

[error occurred during error reporting (printing all threads), id 0xc0000005, EXCEPTION_ACCESS_VIOLATION (0xc0000005) at pc=0x00007ffa0ebe51d7]

VM state:not at safepoint (not fully initialized)

VM Mutex/Monitor currently owned by a thread:  ([mutex/lock_event])
[0x00000293cf695000] Heap_lock - owner thread: 0x00000293cf697800

Heap address: 0x00000000c2200000, size: 990 MB, Compressed Oops mode: Non-zero based: 0x00000000c2200000
Narrow klass base: 0x0000000000000000, Narrow klass shift: 0

GC Heap History (0 events):
No events

Deoptimization events (0 events):
No events

Classes unloaded (0 events):
No events

Classes redefined (0 events):
No events

Internal exceptions (0 events):
No events

Events (8 events):
Event: 0.009 Loaded shared library C:\Program Files\Java\jdk-13.0.2\bin\zip.dll
Event: 0.010 Loaded shared library C:\Program Files\Java\jdk-13.0.2\bin\jimage.dll
Event: 0.011 Loading shared library C:\Program Files\Java\jdk-13.0.2\lib\libjava.base-coop.dll failed, error code 126
Event: 0.011 Loading shared library C:\Program Files\Java\jdk-13.0.2\lib\libjava.logging-coop.dll failed, error code 126
Event: 0.011 Loading shared library C:\Program Files\Java\jdk-13.0.2\lib\libjdk.compiler-coop.dll failed, error code 126
Event: 0.011 Loading shared library C:\Program Files\Java\jdk-13.0.2\lib\libjdk.scripting.nashorn-coop.dll failed, error code 126
Event: 0.012 Loading shared library C:\Program Files\Java\jdk-13.0.2\lib\libjdk.internal.vm.ci-coop.dll failed, error code 126
Event: 0.012 Loading shared library C:\Program Files\Java\jdk-13.0.2\lib\libjdk.internal.vm.compiler-coop.dll failed, error code 126


Dynamic libraries:
0x00007ff611ad0000 - 0x00007ff611adf000 	C:\Program Files\Java\jdk-13.0.2\bin\java.exe
0x00007ffa3da70000 - 0x00007ffa3dc42000 	C:\Windows\SYSTEM32\ntdll.dll
0x00007ffa3d290000 - 0x00007ffa3d33c000 	C:\Windows\System32\KERNEL32.DLL
0x00007ffa218d0000 - 0x00007ffa218e3000 	C:\Program Files\AVG\Antivirus\aswhook.dll
0x00007ffa3aab0000 - 0x00007ffa3accd000 	C:\Windows\System32\KERNELBASE.dll
0x00007ffa39f70000 - 0x00007ffa3a065000 	C:\Windows\System32\ucrtbase.dll
0x00007ffa33290000 - 0x00007ffa332a8000 	C:\Program Files\Java\jdk-13.0.2\bin\jli.dll
0x00007ffa3b000000 - 0x00007ffa3b0a2000 	C:\Windows\System32\ADVAPI32.dll
0x00007ffa3d860000 - 0x00007ffa3d8fe000 	C:\Windows\System32\msvcrt.dll
0x00007ffa3d7d0000 - 0x00007ffa3d829000 	C:\Windows\System32\sechost.dll
0x00007ffa3b5a0000 - 0x00007ffa3b6c1000 	C:\Windows\System32\RPCRT4.dll
0x00007ffa3d900000 - 0x00007ffa3da65000 	C:\Windows\System32\USER32.dll
0x00007ffa3a920000 - 0x00007ffa3a93e000 	C:\Windows\System32\win32u.dll
0x00007ffa3b560000 - 0x00007ffa3b594000 	C:\Windows\System32\GDI32.dll
0x00007ffa3ae20000 - 0x00007ffa3afa0000 	C:\Windows\System32\gdi32full.dll
0x00007ffa37e40000 - 0x00007ffa37e55000 	C:\Program Files\Java\jdk-13.0.2\bin\VCRUNTIME140.dll
0x00007ffa30b30000 - 0x00007ffa30daa000 	C:\Windows\WinSxS\amd64_microsoft.windows.common-controls_6595b64144ccf1df_6.0.14393.953_none_42151e83c686086b\COMCTL32.dll
0x00007ffa3b290000 - 0x00007ffa3b558000 	C:\Windows\System32\combase.dll
0x00007ffa3aa40000 - 0x00007ffa3aaaa000 	C:\Windows\System32\bcryptPrimitives.dll
0x00007ffa361f0000 - 0x00007ffa361fa000 	C:\Windows\SYSTEM32\VERSION.dll
0x00007ffa3bb70000 - 0x00007ffa3bb9e000 	C:\Windows\System32\IMM32.DLL
0x00007ffa138f0000 - 0x00007ffa1398b000 	C:\Program Files\Java\jdk-13.0.2\bin\msvcp140.dll
0x00007ffa0e8f0000 - 0x00007ffa0f44d000 	C:\Program Files\Java\jdk-13.0.2\bin\server\jvm.dll
0x00007ffa3d280000 - 0x00007ffa3d288000 	C:\Windows\System32\PSAPI.DLL
0x00007ffa2f330000 - 0x00007ffa2f339000 	C:\Windows\SYSTEM32\WSOCK32.dll
0x00007ffa3d210000 - 0x00007ffa3d27a000 	C:\Windows\System32\WS2_32.dll
0x00007ffa37ed0000 - 0x00007ffa37ef3000 	C:\Windows\SYSTEM32\WINMM.dll
0x00007ffa37ea0000 - 0x00007ffa37ecb000 	C:\Windows\SYSTEM32\WINMMBASE.dll
0x00007ffa3a940000 - 0x00007ffa3a982000 	C:\Windows\System32\cfgmgr32.dll
0x00007ffa39f60000 - 0x00007ffa39f6f000 	C:\Windows\System32\kernel.appcore.dll
0x00007ffa32ae0000 - 0x00007ffa32af0000 	C:\Program Files\Java\jdk-13.0.2\bin\verify.dll
0x00007ffa352e0000 - 0x00007ffa35472000 	C:\Windows\SYSTEM32\DBGHELP.DLL
0x00007ffa35230000 - 0x00007ffa35259000 	C:\Windows\SYSTEM32\dbgcore.DLL
0x00007ffa25bf0000 - 0x00007ffa25c16000 	C:\Program Files\Java\jdk-13.0.2\bin\java.dll
0x00007ffa23f90000 - 0x00007ffa23fa7000 	C:\Program Files\Java\jdk-13.0.2\bin\zip.dll
0x00007ffa32ad0000 - 0x00007ffa32ada000 	C:\Program Files\Java\jdk-13.0.2\bin\jimage.dll

dbghelp: loaded successfully - version: 4.0.5 - missing functions: none
symbol engine: initialized successfully - sym options: 0x614 - pdb path: .;C:\Program Files\Java\jdk-13.0.2\bin;C:\Windows\SYSTEM32;C:\Program Files\AVG\Antivirus;C:\Windows\WinSxS\amd64_microsoft.windows.common-controls_6595b64144ccf1df_6.0.14393.953_none_42151e83c686086b;C:\Program Files\Java\jdk-13.0.2\bin\server

VM Arguments:
jvm_args: -Dclassworlds.conf=C:\Program Files\NetBeans-11.3\netbeans\java\maven\bin\m2.conf -Dmaven.home=C:\Program Files\NetBeans-11.3\netbeans\java\maven -Dmaven.multiModuleProjectDirectory=C:\Users\DELL\git\Parascol\parascolaire 
java_command: org.codehaus.plexus.classworlds.launcher.Launcher -Dexec.args=-classpath %classpath com.zsmart.parascolaire.ParascolaireApplication -Dexec.executable=C:\Program Files\Java\jdk-13.0.2\bin\java.exe -Dmaven.ext.class.path=C:\Program Files\NetBeans-11.3\netbeans\java\maven-nblib\netbeans-eventspy.jar -Dfile.encoding=UTF-8 org.codehaus.mojo:exec-maven-plugin:1.5.0:exec
java_class_path (initial): C:\Program Files\NetBeans-11.3\netbeans\java\maven\boot\plexus-classworlds-2.5.2.jar
Launcher Type: SUN_STANDARD

[Global flags]
     intx CICompilerCount                          = 3                                         {product} {ergonomic}
     uint ConcGCThreads                            = 1                                         {product} {ergonomic}
     uint G1ConcRefinementThreads                  = 4                                         {product} {ergonomic}
   size_t G1HeapRegionSize                         = 1048576                                   {product} {ergonomic}
    uintx GCDrainStackTargetSize                   = 64                                        {product} {ergonomic}
   size_t InitialHeapSize                          = 65011712                                  {product} {ergonomic}
   size_t MarkStackSize                            = 4194304                                   {product} {ergonomic}
   size_t MaxHeapSize                              = 1038090240                                {product} {ergonomic}
   size_t MinHeapDeltaBytes                        = 1048576                                   {product} {ergonomic}
   size_t MinHeapSize                              = 8388608                                   {product} {ergonomic}
    uintx NonNMethodCodeHeapSize                   = 5832780                                {pd product} {ergonomic}
    uintx NonProfiledCodeHeapSize                  = 122912730                              {pd product} {ergonomic}
    uintx ProfiledCodeHeapSize                     = 122912730                              {pd product} {ergonomic}
    uintx ReservedCodeCacheSize                    = 251658240                              {pd product} {ergonomic}
     bool SegmentedCodeCache                       = true                                      {product} {ergonomic}
   size_t SoftMaxHeapSize                          = 1038090240                             {manageable} {ergonomic}
     bool UseCompressedClassPointers               = true                                 {lp64_product} {ergonomic}
     bool UseCompressedOops                        = true                                 {lp64_product} {ergonomic}
     bool UseG1GC                                  = true                                      {product} {ergonomic}
     bool UseLargePagesIndividualAllocation        = false                                  {pd product} {ergonomic}

Logging:
Log output configuration:
 #0: stdout all=warning uptime,level,tags
 #1: stderr all=off uptime,level,tags

Environment Variables:
JAVA_HOME=C:\Program Files\Java\jdk-13.0.2
PATH=C:\Program Files (x86)\Common Files\Oracle\Java\javapath;C:\Windows\system32;C:\Windows;C:\Windows\System32\Wbem;C:\Windows\System32\WindowsPowerShell\v1.0\;D:\GIT\Git\cmd;D:\angular apps\node js\;C:\Users\DELL\AppData\Local\Microsoft\WindowsApps;D:\agaaaaaaaiin\WebStorm 2020.1.1\bin;;C:\Users\DELL\AppData\Roaming\npm;C:\Users\DELL\AppData\Roaming\npm\node_modules\@angular\cli\bin;D:\Visual\Microsoft VS Code\bin
USERNAME=DELL
OS=Windows_NT
PROCESSOR_IDENTIFIER=Intel64 Family 6 Model 37 Stepping 5, GenuineIntel



---------------  S Y S T E M  ---------------

OS: Windows 10 , 64 bit Build 14393 (10.0.14393.2189)

CPU:total 4 (initial active 4) (2 cores per cpu, 2 threads per core) family 6 model 37 stepping 5, cmov, cx8, fxsr, mmx, sse, sse2, sse3, ssse3, sse4.1, sse4.2, popcnt, aes, clmul, ht, tsc, tscinvbit

Memory: 4k page, system-wide physical 3957M (719M free)
TotalPageFile size 8565M (AvailPageFile size 41M)
current process WorkingSet (physical memory assigned to process): 10M, peak: 10M
current process commit charge ("private bytes"): 51M, peak: 113M

vm_info: Java HotSpot(TM) 64-Bit Server VM (13.0.2+8) for windows-amd64 JRE (13.0.2+8), built on Dec 11 2019 09:20:33 by "mach5one" with unknown MS VC++:1916

END.
